TN:
SF:./build/crunchtask.js
FN:1,e
FN:1,s
FN:1,(anonymous_3)
FN:1,(anonymous_4)
FN:16,_arrayToObject
FN:28,(anonymous_6)
FN:44,_fnBind
FN:46,(anonymous_8)
FN:53,(anonymous_9)
FN:71,_fnBindAll
FN:91,(anonymous_11)
FN:113,(anonymous_12)
FN:132,(anonymous_13)
FN:147,(anonymous_14)
FN:164,(anonymous_15)
FN:183,(anonymous_16)
FN:206,(anonymous_17)
FN:207,(anonymous_18)
FN:213,(anonymous_19)
FN:237,(anonymous_20)
FN:247,getExecutableFor
FN:249,(anonymous_22)
FN:253,(anonymous_23)
FN:258,(anonymous_24)
FN:265,(anonymous_25)
FN:279,isExecutable
FN:284,(anonymous_27)
FN:298,proceedBodyFn
FN:305,(anonymous_29)
FN:380,(anonymous_30)
FN:394,proceedDescriptionFn
FN:438,(anonymous_32)
FN:462,(anonymous_33)
FN:470,resolvedTask
FN:471,(anonymous_35)
FN:472,(anonymous_36)
FN:479,(anonymous_37)
FN:491,isIdle
FN:494,protoPause
FN:498,protoResume
FN:502,protoAbort
FN:506,protoThen
FN:515,doneHandler
FN:525,(anonymous_44)
FN:550,protoRun
FN:567,(anonymous_46)
FN:587,overloadPromise
FN:607,(anonymous_48)
FN:628,encapsulateRunInstance
FN:649,(anonymous_50)
FN:672,(anonymous_51)
FN:704,(anonymous_52)
FN:728,(anonymous_53)
FN:736,(anonymous_54)
FN:751,(anonymous_55)
FN:764,(anonymous_56)
FN:772,(anonymous_57)
FN:780,(anonymous_58)
FN:792,signalError
FN:804,signalGeneric
FN:813,signalTwoParties
FN:814,(anonymous_62)
FN:829,decreaseRunning
FN:843,(anonymous_64)
FN:856,(anonymous_65)
FN:883,staticFor
FN:895,(anonymous_67)
FN:905,internalFor
FN:906,(anonymous_69)
FN:911,(anonymous_70)
FN:919,(anonymous_71)
FN:928,(anonymous_72)
FN:936,(anonymous_73)
FN:948,staticForEach
FN:950,(anonymous_75)
FN:958,(anonymous_76)
FN:966,(anonymous_77)
FN:976,(anonymous_78)
FN:984,(anonymous_79)
FN:994,normalizeRanges
FN:1000,(anonymous_81)
FN:1014,staticReduce
FN:1016,(anonymous_83)
FN:1026,(anonymous_84)
FN:1037,(anonymous_85)
FN:1047,(anonymous_86)
FN:1055,(anonymous_87)
FN:1067,defer
FN:1070,(anonymous_89)
FN:1076,(anonymous_90)
FN:1090,error
FN:1099,(anonymous_92)
FN:1117,_on
FN:1140,_trigger
FN:1168,serveEvents
FN:1178,(anonymous_96)
FN:1194,_objExtend
FN:1209,_objExtendMult
FN:1219,(anonymous_99)
FN:1227,(anonymous_100)
FN:1229,(anonymous_101)
FN:1245,_initObjectProps
FN:1257,(anonymous_103)
FN:1269,nextUid
FN:1274,(anonymous_105)
FN:1293,_fnPartial
FN:1303,(anonymous_107)
FN:1310,(anonymous_108)
FN:1330,safe
FN:1338,(anonymous_110)
FN:1340,(anonymous_111)
FN:1356,(anonymous_112)
FN:1371,_fnTogether
FN:1373,(anonymous_114)
FN:1383,(anonymous_115)
FN:1398,(anonymous_116)
FN:1408,getTestFor
FN:1409,(anonymous_118)
FN:1416,(anonymous_119)
FN:1437,CrunchTask
FN:1447,(anonymous_121)
FN:1466,(anonymous_122)
FN:1471,prepareBlankTask
FN:1489,(anonymous_124)
FN:1500,(anonymous_125)
FN:1534,(anonymous_126)
FN:1545,_config
FN:1564,(anonymous_128)
FN:1573,map
FN:1581,Range
FN:1591,(anonymous_131)
FN:1592,(anonymous_132)
FN:1602,canAdvance
FN:1632,translateRangeArgs
FN:1636,translateRangeSet
FN:1672,parseRangeArgs
FN:1705,(anonymous_137)
FN:1714,cleanUpNextTick
FN:1726,drainQueue
FN:1748,(anonymous_140)
FN:1762,Item
FN:1766,(anonymous_142)
FN:1776,noop
FN:1786,(anonymous_144)
FN:1791,(anonymous_145)
FN:1792,(anonymous_146)
FN:1795,(anonymous_147)
FN:1797,(anonymous_148)
FN:1798,(anonymous_149)
FN:1799,(anonymous_150)
FN:1815,(anonymous_151)
FN:1818,bind
FN:1819,(anonymous_153)
FN:1824,(anonymous_154)
FN:1826,Promise
FN:1836,handle
FN:1842,(anonymous_157)
FN:1860,resolve
FN:1876,reject
FN:1882,finale
FN:1889,Handler
FN:1902,doResolve
FN:1905,(anonymous_163)
FN:1909,(anonymous_164)
FN:1921,(anonymous_165)
FN:1925,(anonymous_166)
FN:1927,(anonymous_167)
FN:1932,(anonymous_168)
FN:1935,(anonymous_169)
FN:1938,res
FN:1943,(anonymous_171)
FN:1961,(anonymous_172)
FN:1966,(anonymous_173)
FN:1971,(anonymous_174)
FN:1972,(anonymous_175)
FN:1977,(anonymous_176)
FN:1978,(anonymous_177)
FNF:177
FNH:131
FNDA:1,e
FNDA:138,s
FNDA:101,(anonymous_3)
FNDA:1,(anonymous_4)
FNDA:3,_arrayToObject
FNDA:1,(anonymous_6)
FNDA:3032,_fnBind
FNDA:3785,(anonymous_8)
FNDA:1,(anonymous_9)
FNDA:90,_fnBindAll
FNDA:1,(anonymous_11)
FNDA:1,(anonymous_12)
FNDA:1,(anonymous_13)
FNDA:1,(anonymous_14)
FNDA:1,(anonymous_15)
FNDA:1,(anonymous_16)
FNDA:1,(anonymous_17)
FNDA:1,(anonymous_18)
FNDA:1,(anonymous_19)
FNDA:1,(anonymous_20)
FNDA:18,getExecutableFor
FNDA:96111,(anonymous_22)
FNDA:1099,(anonymous_23)
FNDA:2,(anonymous_24)
FNDA:1,(anonymous_25)
FNDA:23,isExecutable
FNDA:1,(anonymous_27)
FNDA:1257,proceedBodyFn
FNDA:1257,(anonymous_29)
FNDA:1,(anonymous_30)
FNDA:1201,proceedDescriptionFn
FNDA:1189,(anonymous_32)
FNDA:1,(anonymous_33)
FNDA:1,resolvedTask
FNDA:1,(anonymous_35)
FNDA:1,(anonymous_36)
FNDA:1,(anonymous_37)
FNDA:0,isIdle
FNDA:1,protoPause
FNDA:1,protoResume
FNDA:29,protoAbort
FNDA:4,protoThen
FNDA:0,doneHandler
FNDA:1,(anonymous_44)
FNDA:1201,protoRun
FNDA:1201,(anonymous_46)
FNDA:1201,overloadPromise
FNDA:1,(anonymous_48)
FNDA:1201,encapsulateRunInstance
FNDA:1172,(anonymous_50)
FNDA:1196,(anonymous_51)
FNDA:63,(anonymous_52)
FNDA:1189,(anonymous_53)
FNDA:1175,(anonymous_54)
FNDA:13,(anonymous_55)
FNDA:1,(anonymous_56)
FNDA:0,(anonymous_57)
FNDA:0,(anonymous_58)
FNDA:18,signalError
FNDA:1200,signalGeneric
FNDA:4,signalTwoParties
FNDA:4,(anonymous_62)
FNDA:1188,decreaseRunning
FNDA:32,(anonymous_64)
FNDA:1,(anonymous_65)
FNDA:12,staticFor
FNDA:7,(anonymous_67)
FNDA:11,internalFor
FNDA:7,(anonymous_69)
FNDA:7,(anonymous_70)
FNDA:2203,(anonymous_71)
FNDA:7,(anonymous_72)
FNDA:1,(anonymous_73)
FNDA:1,staticForEach
FNDA:1,(anonymous_75)
FNDA:1,(anonymous_76)
FNDA:50000,(anonymous_77)
FNDA:1,(anonymous_78)
FNDA:1,(anonymous_79)
FNDA:50,normalizeRanges
FNDA:1,(anonymous_81)
FNDA:1,staticReduce
FNDA:1,(anonymous_83)
FNDA:1,(anonymous_84)
FNDA:45000,(anonymous_85)
FNDA:1,(anonymous_86)
FNDA:1,(anonymous_87)
FNDA:4883,defer
FNDA:4883,(anonymous_89)
FNDA:1,(anonymous_90)
FNDA:5,error
FNDA:1,(anonymous_92)
FNDA:125,_on
FNDA:3625,_trigger
FNDA:1291,serveEvents
FNDA:1,(anonymous_96)
FNDA:2493,_objExtend
FNDA:0,_objExtendMult
FNDA:1,(anonymous_99)
FNDA:0,(anonymous_100)
FNDA:1,(anonymous_101)
FNDA:2,_initObjectProps
FNDA:1,(anonymous_103)
FNDA:1291,nextUid
FNDA:1,(anonymous_105)
FNDA:12730,_fnPartial
FNDA:2528,(anonymous_107)
FNDA:1,(anonymous_108)
FNDA:6025,safe
FNDA:0,(anonymous_110)
FNDA:212026,(anonymous_111)
FNDA:1,(anonymous_112)
FNDA:1201,_fnTogether
FNDA:1200,(anonymous_114)
FNDA:1,(anonymous_115)
FNDA:0,(anonymous_116)
FNDA:6,getTestFor
FNDA:46946,(anonymous_118)
FNDA:1,(anonymous_119)
FNDA:93,CrunchTask
FNDA:1,(anonymous_121)
FNDA:90,(anonymous_122)
FNDA:90,prepareBlankTask
FNDA:36,(anonymous_124)
FNDA:1,(anonymous_125)
FNDA:0,(anonymous_126)
FNDA:15,_config
FNDA:1,(anonymous_128)
FNDA:97279,map
FNDA:65,Range
FNDA:97214,(anonymous_131)
FNDA:99402,(anonymous_132)
FNDA:97230,canAdvance
FNDA:65,translateRangeArgs
FNDA:85,translateRangeSet
FNDA:81,parseRangeArgs
FNDA:1,(anonymous_137)
FNDA:0,cleanUpNextTick
FNDA:0,drainQueue
FNDA:0,(anonymous_140)
FNDA:0,Item
FNDA:0,(anonymous_142)
FNDA:0,noop
FNDA:0,(anonymous_144)
FNDA:0,(anonymous_145)
FNDA:0,(anonymous_146)
FNDA:0,(anonymous_147)
FNDA:1,(anonymous_148)
FNDA:1,(anonymous_149)
FNDA:1,(anonymous_150)
FNDA:0,(anonymous_151)
FNDA:0,bind
FNDA:0,(anonymous_153)
FNDA:0,(anonymous_154)
FNDA:0,Promise
FNDA:0,handle
FNDA:0,(anonymous_157)
FNDA:0,resolve
FNDA:0,reject
FNDA:0,finale
FNDA:0,Handler
FNDA:0,doResolve
FNDA:0,(anonymous_163)
FNDA:0,(anonymous_164)
FNDA:0,(anonymous_165)
FNDA:0,(anonymous_166)
FNDA:0,(anonymous_167)
FNDA:0,(anonymous_168)
FNDA:0,(anonymous_169)
FNDA:0,res
FNDA:0,(anonymous_171)
FNDA:0,(anonymous_172)
FNDA:0,(anonymous_173)
FNDA:0,(anonymous_174)
FNDA:0,(anonymous_175)
FNDA:0,(anonymous_176)
FNDA:0,(anonymous_177)
DA:1,138
DA:8,1
DA:16,1
DA:17,3
DA:20,3
DA:21,10
DA:24,3
DA:27,1
DA:34,1
DA:44,1
DA:45,3032
DA:46,3032
DA:47,3785
DA:48,3785
DA:52,1
DA:59,1
DA:61,1
DA:71,1
DA:72,90
DA:74,90
DA:76,450
DA:78,450
DA:80,450
DA:82,450
DA:87,90
DA:90,1
DA:97,1
DA:109,1
DA:119,1
DA:121,1
DA:131,1
DA:138,1
DA:141,1
DA:146,1
DA:153,1
DA:156,1
DA:163,1
DA:170,1
DA:172,1
DA:182,1
DA:189,1
DA:192,1
DA:204,1
DA:207,1
DA:213,1
DA:217,1
DA:222,1
DA:225,1
DA:228,1
DA:230,1
DA:232,1
DA:243,1
DA:247,1
DA:248,18
DA:249,14
DA:250,96111
DA:252,4
DA:253,2
DA:254,1099
DA:255,1099
DA:258,2
DA:259,2
DA:264,1
DA:271,1
DA:279,1
DA:280,23
DA:283,1
DA:290,1
DA:298,1
DA:299,1257
DA:301,0
DA:302,0
DA:303,0
DA:305,1257
DA:307,1257
DA:308,0
DA:311,1257
DA:315,1257
DA:320,1257
DA:324,1257
DA:325,1245
DA:326,1245
DA:328,208393
DA:329,208393
DA:330,208393
DA:338,0
DA:339,0
DA:341,0
DA:344,208393
DA:345,208393
DA:347,208393
DA:352,12
DA:353,11
DA:356,1257
DA:358,1257
DA:359,68
DA:360,68
DA:361,0
DA:363,68
DA:366,1189
DA:367,1
DA:370,1189
DA:371,0
DA:379,1
DA:386,1
DA:394,1
DA:396,1201
DA:400,1201
DA:401,1
DA:404,1200
DA:405,0
DA:408,1200
DA:415,1189
DA:416,0
DA:419,1189
DA:420,1189
DA:423,1189
DA:424,1189
DA:426,1189
DA:427,0
DA:428,0
DA:431,1189
DA:433,1189
DA:434,0
DA:438,1189
DA:440,1189
DA:441,0
DA:444,1189
DA:445,1
DA:447,1189
DA:448,0
DA:450,1189
DA:456,11
DA:461,1
DA:468,1
DA:470,1
DA:471,1
DA:472,1
DA:473,1
DA:478,1
DA:485,1
DA:487,1
DA:490,1
DA:492,0
DA:495,1
DA:496,1
DA:499,1
DA:500,1
DA:503,29
DA:504,29
DA:507,4
DA:508,4
DA:509,4
DA:511,4
DA:512,4
DA:515,1
DA:516,0
DA:517,0
DA:518,0
DA:524,1
DA:531,1
DA:533,1
DA:550,1
DA:551,1201
DA:552,1201
DA:553,1201
DA:555,1201
DA:569,1201
DA:576,1201
DA:579,1201
DA:587,1
DA:589,1201
DA:591,1201
DA:606,1
DA:613,1
DA:615,1
DA:628,1
DA:630,1201
DA:638,1201
DA:639,1099
DA:642,1201
DA:650,1172
DA:651,0
DA:654,1172
DA:655,0
DA:658,1172
DA:659,1
DA:662,1171
DA:673,1196
DA:674,0
DA:676,1196
DA:677,3
DA:680,1193
DA:681,1
DA:684,1192
DA:685,1
DA:688,1191
DA:689,1
DA:692,1190
DA:693,1190
DA:695,1190
DA:696,1190
DA:705,63
DA:706,0
DA:708,63
DA:709,0
DA:711,63
DA:712,1
DA:714,62
DA:729,1189
DA:730,1189
DA:731,1189
DA:737,1175
DA:738,0
DA:740,1175
DA:741,1175
DA:742,1175
DA:744,1175
DA:746,1175
DA:753,13
DA:754,0
DA:756,13
DA:757,13
DA:758,13
DA:760,13
DA:762,13
DA:765,1
DA:766,0
DA:768,1
DA:769,1
DA:773,0
DA:774,0
DA:776,0
DA:777,0
DA:781,0
DA:782,0
DA:784,0
DA:785,0
DA:792,1
DA:793,18
DA:794,6
DA:797,12
DA:798,12
DA:799,12
DA:801,12
DA:804,1
DA:806,1200
DA:808,1200
DA:809,1200
DA:813,1
DA:814,4
DA:815,4
DA:816,2
DA:818,2
DA:819,2
DA:820,2
DA:821,2
DA:823,2
DA:824,2
DA:829,1
DA:830,1188
DA:831,1188
DA:832,1152
DA:835,36
DA:836,36
DA:838,36
DA:839,2
DA:840,34
DA:841,2
DA:843,32
DA:844,32
DA:845,0
DA:847,32
DA:848,32
DA:855,1
DA:862,1
DA:864,1
DA:883,1
DA:884,12
DA:887,12
DA:888,11
DA:891,12
DA:898,12
DA:899,1
DA:902,11
DA:905,1
DA:906,11
DA:907,7
DA:911,7
DA:912,7
DA:913,7
DA:914,1
DA:916,7
DA:919,7
DA:920,2203
DA:921,2203
DA:923,2203
DA:924,7
DA:928,7
DA:929,7
DA:935,1
DA:942,1
DA:948,1
DA:950,1
DA:951,1
DA:958,1
DA:959,1
DA:960,0
DA:962,1
DA:963,1
DA:966,1
DA:967,50000
DA:968,50000
DA:969,50000
DA:971,50000
DA:972,1
DA:976,1
DA:977,1
DA:983,1
DA:990,1
DA:992,1
DA:994,1
DA:995,50
DA:996,50
DA:999,1
DA:1006,1
DA:1014,1
DA:1016,1
DA:1018,1
DA:1026,1
DA:1027,1
DA:1028,0
DA:1030,1
DA:1031,1
DA:1032,1
DA:1033,0
DA:1037,1
DA:1038,45000
DA:1039,45000
DA:1040,45000
DA:1042,45000
DA:1043,1
DA:1047,1
DA:1048,1
DA:1054,1
DA:1067,1
DA:1068,4883
DA:1070,4883
DA:1071,4883
DA:1075,1
DA:1082,1
DA:1090,1
DA:1091,5
DA:1092,0
DA:1093,0
DA:1095,5
DA:1098,1
DA:1105,1
DA:1106,1
DA:1109,1
DA:1117,1
DA:1118,125
DA:1119,0
DA:1121,125
DA:1125,125
DA:1126,135
DA:1127,5
DA:1129,130
DA:1140,1
DA:1141,3625
DA:1142,3625
DA:1143,3496
DA:1145,129
DA:1146,129
DA:1147,133
DA:1148,133
DA:1149,133
DA:1150,0
DA:1152,133
DA:1153,133
DA:1155,0
DA:1156,0
DA:1168,1
DA:1169,1291
DA:1170,1291
DA:1177,1
DA:1184,1
DA:1194,1
DA:1195,2493
DA:1196,0
DA:1199,2493
DA:1201,25107
DA:1203,25107
DA:1206,2493
DA:1209,1
DA:1210,0
DA:1211,0
DA:1212,0
DA:1214,0
DA:1217,1
DA:1223,1
DA:1236,1
DA:1245,1
DA:1246,2
DA:1248,14
DA:1250,14
DA:1253,2
DA:1256,1
DA:1263,1
DA:1269,1
DA:1270,1291
DA:1273,1
DA:1280,1
DA:1282,1
DA:1293,1
DA:1294,12730
DA:1298,12730
DA:1299,10899
DA:1300,10899
DA:1303,12730
DA:1304,2528
DA:1305,2528
DA:1309,1
DA:1316,1
DA:1318,1
DA:1322,1
DA:1330,1
DA:1331,6025
DA:1333,2402
DA:1335,2402
DA:1337,6025
DA:1338,0
DA:1340,6025
DA:1341,212026
DA:1342,212026
DA:1343,212026
DA:1344,212023
DA:1346,3
DA:1347,3
DA:1348,0
DA:1350,3
DA:1355,1
DA:1362,1
DA:1364,1
DA:1371,1
DA:1372,1201
DA:1373,1201
DA:1374,1200
DA:1376,1200
DA:1377,2400
DA:1382,1
DA:1390,1
DA:1403,1
DA:1404,6
DA:1405,6
DA:1408,1
DA:1409,6
DA:1410,46946
DA:1415,1
DA:1422,1
DA:1437,1
DA:1439,93
DA:1440,3
DA:1442,90
DA:1446,1
DA:1453,1
DA:1466,1
DA:1467,90
DA:1471,1
DA:1473,90
DA:1490,36
DA:1491,0
DA:1493,36
DA:1494,36
DA:1499,1
DA:1506,1
DA:1508,1
DA:1518,1
DA:1521,1
DA:1535,0
DA:1546,15
DA:1547,5
DA:1549,10
DA:1550,10
DA:1552,27
DA:1554,27
DA:1556,27
DA:1559,10
DA:1563,1
DA:1570,1
DA:1573,1
DA:1574,97279
DA:1575,97279
DA:1576,99487
DA:1578,97274
DA:1581,1
DA:1582,65
DA:1583,0
DA:1585,65
DA:1586,0
DA:1588,65
DA:1591,1
DA:1592,97214
DA:1593,99402
DA:1602,1
DA:1603,97230
DA:1610,97230
DA:1611,97306
DA:1612,97306
DA:1614,97306
DA:1615,97297
DA:1618,97306
DA:1619,95
DA:1620,95
DA:1621,95
DA:1624,97306
DA:1628,97230
DA:1632,1
DA:1633,65
DA:1636,1
DA:1637,85
DA:1643,85
DA:1647,80
DA:1649,80
DA:1660,2
DA:1661,0
DA:1664,3
DA:1665,1
DA:1667,2
DA:1672,1
DA:1673,81
DA:1678,81
DA:1679,277
DA:1680,277
DA:1682,277
DA:1683,16
DA:1684,1
DA:1685,1
DA:1687,16
DA:1688,261
DA:1689,50
DA:1690,50
DA:1691,50
DA:1692,211
DA:1693,206
DA:1697,81
DA:1698,34
DA:1701,81
DA:1704,1
DA:1708,1
DA:1709,1
DA:1710,1
DA:1711,1
DA:1712,1
DA:1714,1
DA:1715,0
DA:1716,0
DA:1717,0
DA:1719,0
DA:1721,0
DA:1722,0
DA:1726,1
DA:1727,0
DA:1728,0
DA:1730,0
DA:1731,0
DA:1733,0
DA:1734,0
DA:1735,0
DA:1736,0
DA:1737,0
DA:1738,0
DA:1740,0
DA:1741,0
DA:1743,0
DA:1744,0
DA:1745,0
DA:1748,1
DA:1749,0
DA:1750,0
DA:1751,0
DA:1752,0
DA:1755,0
DA:1756,0
DA:1757,0
DA:1762,1
DA:1763,0
DA:1764,0
DA:1766,1
DA:1767,0
DA:1769,1
DA:1770,1
DA:1771,1
DA:1772,1
DA:1773,1
DA:1774,1
DA:1776,1
DA:1778,1
DA:1779,1
DA:1780,1
DA:1781,1
DA:1782,1
DA:1783,1
DA:1784,1
DA:1786,1
DA:1787,0
DA:1791,1
DA:1792,1
DA:1793,0
DA:1795,1
DA:1798,1
DA:1799,1
DA:1800,1
DA:1802,1
DA:1803,1
DA:1805,0
DA:1808,1
DA:1809,1
DA:1810,0
DA:1811,0
DA:1815,1
DA:1818,1
DA:1819,0
DA:1820,0
DA:1824,1
DA:1826,1
DA:1827,0
DA:1828,0
DA:1829,0
DA:1830,0
DA:1831,0
DA:1833,0
DA:1836,1
DA:1837,0
DA:1838,0
DA:1839,0
DA:1840,0
DA:1842,0
DA:1843,0
DA:1844,0
DA:1845,0
DA:1846,0
DA:1848,0
DA:1849,0
DA:1850,0
DA:1853,0
DA:1854,0
DA:1856,0
DA:1860,1
DA:1861,0
DA:1862,0
DA:1863,0
DA:1864,0
DA:1865,0
DA:1866,0
DA:1867,0
DA:1870,0
DA:1871,0
DA:1872,0
DA:1873,0
DA:1876,1
DA:1877,0
DA:1878,0
DA:1879,0
DA:1882,1
DA:1883,0
DA:1884,0
DA:1886,0
DA:1889,1
DA:1890,0
DA:1891,0
DA:1892,0
DA:1893,0
DA:1902,1
DA:1903,0
DA:1904,0
DA:1905,0
DA:1906,0
DA:1907,0
DA:1908,0
DA:1910,0
DA:1911,0
DA:1912,0
DA:1915,0
DA:1916,0
DA:1917,0
DA:1921,1
DA:1922,0
DA:1925,1
DA:1926,0
DA:1927,0
DA:1928,0
DA:1932,1
DA:1933,0
DA:1935,0
DA:1936,0
DA:1937,0
DA:1938,1
DA:1939,0
DA:1940,0
DA:1941,0
DA:1942,0
DA:1943,0
DA:1944,0
DA:1947,0
DA:1948,0
DA:1949,0
DA:1952,0
DA:1955,0
DA:1956,0
DA:1961,1
DA:1962,0
DA:1963,0
DA:1966,0
DA:1967,0
DA:1971,1
DA:1972,0
DA:1973,0
DA:1977,1
DA:1978,0
DA:1979,0
DA:1980,0
LF:722
LH:543
BRDA:1,1,0,39
BRDA:1,1,1,99
BRDA:1,2,0,0
BRDA:1,2,1,39
BRDA:1,3,0,0
BRDA:1,3,1,0
BRDA:1,4,0,0
BRDA:1,4,1,0
BRDA:1,5,0,0
BRDA:1,5,1,0
BRDA:1,6,0,0
BRDA:1,6,1,0
BRDA:1,7,0,101
BRDA:1,7,1,0
BRDA:1,8,0,1
BRDA:1,8,1,0
BRDA:21,9,0,4
BRDA:21,9,1,6
BRDA:48,10,0,3785
BRDA:48,10,1,3750
BRDA:76,11,0,450
BRDA:76,11,1,0
BRDA:80,12,0,450
BRDA:80,12,1,0
BRDA:228,13,0,1
BRDA:228,13,1,0
BRDA:228,14,0,1
BRDA:228,14,1,1
BRDA:228,15,0,0
BRDA:228,15,1,0
BRDA:228,16,0,0
BRDA:228,16,1,0
BRDA:228,16,2,0
BRDA:248,17,0,14
BRDA:248,17,1,4
BRDA:250,18,0,96111
BRDA:250,18,1,0
BRDA:252,19,0,2
BRDA:252,19,1,2
BRDA:280,20,0,23
BRDA:280,20,1,14
BRDA:299,21,0,0
BRDA:299,21,1,1257
BRDA:305,22,0,1189
BRDA:305,22,1,68
BRDA:307,23,0,0
BRDA:307,23,1,1257
BRDA:313,24,0,1244
BRDA:313,24,1,13
BRDA:320,25,0,1257
BRDA:320,25,1,1256
BRDA:320,25,2,1256
BRDA:324,26,0,1245
BRDA:324,26,1,12
BRDA:338,27,0,0
BRDA:338,27,1,0
BRDA:347,28,0,208393
BRDA:347,28,1,208392
BRDA:347,28,2,208380
BRDA:347,28,3,208320
BRDA:352,29,0,11
BRDA:352,29,1,1
BRDA:352,30,0,12
BRDA:352,30,1,1
BRDA:356,31,0,1257
BRDA:356,31,1,1256
BRDA:356,31,2,68
BRDA:358,32,0,68
BRDA:358,32,1,1189
BRDA:360,33,0,0
BRDA:360,33,1,68
BRDA:366,34,0,1
BRDA:366,34,1,1188
BRDA:370,35,0,0
BRDA:370,35,1,1189
BRDA:370,36,0,1189
BRDA:370,36,1,62
BRDA:400,37,0,1
BRDA:400,37,1,1200
BRDA:404,38,0,0
BRDA:404,38,1,1200
BRDA:408,39,0,1189
BRDA:408,39,1,11
BRDA:408,40,0,1200
BRDA:408,40,1,1198
BRDA:408,40,2,1192
BRDA:415,41,0,0
BRDA:415,41,1,1189
BRDA:420,42,0,1
BRDA:420,42,1,1188
BRDA:421,43,0,4
BRDA:421,43,1,1184
BRDA:421,44,0,1184
BRDA:421,44,1,1121
BRDA:423,45,0,4
BRDA:423,45,1,1185
BRDA:424,46,0,1189
BRDA:424,46,1,1188
BRDA:426,47,0,0
BRDA:426,47,1,1189
BRDA:433,48,0,0
BRDA:433,48,1,1189
BRDA:440,49,0,0
BRDA:440,49,1,1189
BRDA:444,50,0,1
BRDA:444,50,1,1188
BRDA:444,51,0,1189
BRDA:444,51,1,1171
BRDA:447,52,0,0
BRDA:447,52,1,1189
BRDA:638,53,0,1099
BRDA:638,53,1,102
BRDA:650,54,0,0
BRDA:650,54,1,1172
BRDA:654,55,0,0
BRDA:654,55,1,1172
BRDA:658,56,0,1
BRDA:658,56,1,1171
BRDA:658,57,0,1172
BRDA:658,57,1,1172
BRDA:673,58,0,0
BRDA:673,58,1,1196
BRDA:676,59,0,3
BRDA:676,59,1,1193
BRDA:680,60,0,1
BRDA:680,60,1,1192
BRDA:684,61,0,1
BRDA:684,61,1,1191
BRDA:684,62,0,1192
BRDA:684,62,1,70
BRDA:684,62,2,69
BRDA:688,63,0,1
BRDA:688,63,1,1190
BRDA:688,64,0,1191
BRDA:688,64,1,11
BRDA:705,65,0,0
BRDA:705,65,1,63
BRDA:708,66,0,0
BRDA:708,66,1,63
BRDA:711,67,0,1
BRDA:711,67,1,62
BRDA:711,68,0,63
BRDA:711,68,1,63
BRDA:737,69,0,0
BRDA:737,69,1,1175
BRDA:753,70,0,0
BRDA:753,70,1,13
BRDA:765,71,0,0
BRDA:765,71,1,1
BRDA:773,72,0,0
BRDA:773,72,1,0
BRDA:781,73,0,0
BRDA:781,73,1,0
BRDA:793,74,0,6
BRDA:793,74,1,12
BRDA:808,75,0,1200
BRDA:808,75,1,0
BRDA:815,76,0,2
BRDA:815,76,1,2
BRDA:831,77,0,1152
BRDA:831,77,1,36
BRDA:838,78,0,2
BRDA:838,78,1,34
BRDA:840,79,0,2
BRDA:840,79,1,32
BRDA:844,80,0,0
BRDA:844,80,1,32
BRDA:895,81,0,12
BRDA:895,81,1,12
BRDA:898,82,0,1
BRDA:898,82,1,11
BRDA:913,83,0,1
BRDA:913,83,1,6
BRDA:920,84,0,2203
BRDA:920,84,1,0
BRDA:923,85,0,7
BRDA:923,85,1,2196
BRDA:923,86,0,2203
BRDA:923,86,1,2203
BRDA:959,87,0,0
BRDA:959,87,1,1
BRDA:967,88,0,50000
BRDA:967,88,1,0
BRDA:971,89,0,1
BRDA:971,89,1,49999
BRDA:971,90,0,50000
BRDA:971,90,1,50000
BRDA:1027,91,0,0
BRDA:1027,91,1,1
BRDA:1032,92,0,0
BRDA:1032,92,1,1
BRDA:1038,93,0,45000
BRDA:1038,93,1,0
BRDA:1042,94,0,1
BRDA:1042,94,1,44999
BRDA:1042,95,0,45000
BRDA:1042,95,1,45000
BRDA:1071,96,0,4883
BRDA:1071,96,1,1225
BRDA:1072,97,0,4883
BRDA:1072,97,1,4845
BRDA:1091,98,0,0
BRDA:1091,98,1,5
BRDA:1118,99,0,0
BRDA:1118,99,1,125
BRDA:1126,100,0,5
BRDA:1126,100,1,130
BRDA:1142,101,0,3496
BRDA:1142,101,1,129
BRDA:1149,102,0,0
BRDA:1149,102,1,133
BRDA:1155,103,0,0
BRDA:1155,103,1,0
BRDA:1169,104,0,1291
BRDA:1169,104,1,1291
BRDA:1195,105,0,0
BRDA:1195,105,1,2493
BRDA:1201,106,0,25107
BRDA:1201,106,1,0
BRDA:1248,107,0,14
BRDA:1248,107,1,0
BRDA:1298,108,0,10899
BRDA:1298,108,1,1831
BRDA:1298,109,0,12730
BRDA:1298,109,1,10899
BRDA:1331,110,0,2402
BRDA:1331,110,1,3623
BRDA:1337,111,0,0
BRDA:1337,111,1,6025
BRDA:1347,112,0,0
BRDA:1347,112,1,3
BRDA:1376,113,0,3600
BRDA:1376,113,1,2400
BRDA:1439,114,0,3
BRDA:1439,114,1,90
BRDA:1490,115,0,0
BRDA:1490,115,1,36
BRDA:1546,116,0,5
BRDA:1546,116,1,10
BRDA:1552,117,0,27
BRDA:1552,117,1,0
BRDA:1552,118,0,27
BRDA:1552,118,1,27
BRDA:1582,119,0,0
BRDA:1582,119,1,65
BRDA:1582,120,0,65
BRDA:1582,120,1,65
BRDA:1585,121,0,0
BRDA:1585,121,1,65
BRDA:1614,122,0,97297
BRDA:1614,122,1,9
BRDA:1618,123,0,95
BRDA:1618,123,1,97211
BRDA:1618,124,0,97306
BRDA:1618,124,1,97284
BRDA:1618,124,2,97217
BRDA:1618,125,0,97210
BRDA:1618,125,1,7
BRDA:1626,126,0,97306
BRDA:1626,126,1,95
BRDA:1628,127,0,97230
BRDA:1628,127,1,97211
BRDA:1643,128,0,54
BRDA:1643,128,1,80
BRDA:1643,128,2,0
BRDA:1643,128,3,2
BRDA:1643,128,4,3
BRDA:1643,129,0,50
BRDA:1643,129,1,35
BRDA:1647,130,0,26
BRDA:1647,130,1,54
BRDA:1647,131,0,49
BRDA:1647,131,1,31
BRDA:1648,132,0,45
BRDA:1648,132,1,9
BRDA:1654,133,0,49
BRDA:1654,133,1,31
BRDA:1664,134,0,1
BRDA:1664,134,1,2
BRDA:1664,135,0,3
BRDA:1664,135,1,3
BRDA:1682,136,0,16
BRDA:1682,136,1,261
BRDA:1682,137,0,277
BRDA:1682,137,1,18
BRDA:1683,138,0,1
BRDA:1683,138,1,15
BRDA:1688,139,0,50
BRDA:1688,139,1,211
BRDA:1692,140,0,206
BRDA:1692,140,1,5
BRDA:1697,141,0,34
BRDA:1697,141,1,47
BRDA:1701,142,0,16
BRDA:1701,142,1,65
BRDA:1716,143,0,0
BRDA:1716,143,1,0
BRDA:1721,144,0,0
BRDA:1721,144,1,0
BRDA:1727,145,0,0
BRDA:1727,145,1,0
BRDA:1750,146,0,0
BRDA:1750,146,1,0
BRDA:1756,147,0,0
BRDA:1756,147,1,0
BRDA:1756,148,0,0
BRDA:1756,148,1,0
BRDA:1802,149,0,1
BRDA:1802,149,1,0
BRDA:1802,150,0,1
BRDA:1802,150,1,1
BRDA:1808,151,0,1
BRDA:1808,151,1,0
BRDA:1808,152,0,1
BRDA:1808,152,1,1
BRDA:1809,153,0,1
BRDA:1809,153,1,0
BRDA:1810,154,0,0
BRDA:1810,154,1,0
BRDA:1815,155,0,1
BRDA:1815,155,1,1
BRDA:1824,156,0,1
BRDA:1824,156,1,0
BRDA:1827,157,0,0
BRDA:1827,157,1,0
BRDA:1828,158,0,0
BRDA:1828,158,1,0
BRDA:1838,159,0,0
BRDA:1838,159,1,0
BRDA:1843,160,0,0
BRDA:1843,160,1,0
BRDA:1844,161,0,0
BRDA:1844,161,1,0
BRDA:1845,162,0,0
BRDA:1845,162,1,0
BRDA:1862,163,0,0
BRDA:1862,163,1,0
BRDA:1863,164,0,0
BRDA:1863,164,1,0
BRDA:1863,165,0,0
BRDA:1863,165,1,0
BRDA:1863,165,2,0
BRDA:1865,166,0,0
BRDA:1865,166,1,0
BRDA:1890,167,0,0
BRDA:1890,167,1,0
BRDA:1891,168,0,0
BRDA:1891,168,1,0
BRDA:1906,169,0,0
BRDA:1906,169,1,0
BRDA:1910,170,0,0
BRDA:1910,170,1,0
BRDA:1915,171,0,0
BRDA:1915,171,1,0
BRDA:1933,172,0,0
BRDA:1933,172,1,0
BRDA:1933,173,0,0
BRDA:1933,173,1,0
BRDA:1936,174,0,0
BRDA:1936,174,1,0
BRDA:1940,175,0,0
BRDA:1940,175,1,0
BRDA:1940,176,0,0
BRDA:1940,176,1,0
BRDA:1940,176,2,0
BRDA:1942,177,0,0
BRDA:1942,177,1,0
BRDA:1948,178,0,0
BRDA:1948,178,1,0
BRDA:1962,179,0,0
BRDA:1962,179,1,0
BRDA:1962,180,0,0
BRDA:1962,180,1,0
BRDA:1962,180,2,0
BRDA:1985,181,0,0
BRDA:1985,181,1,1
BRDA:1985,182,0,1
BRDA:1985,182,1,0
BRDA:1985,183,0,0
BRDA:1985,183,1,0
BRF:380
BRH:240
end_of_record
